\BOOKMARK [0][-]{chapter.1}{\376\377\000C\000h\000a\000p\000t\000e\000r\000\040\000I\000n\000t\000r\000o\000d\000u\000c\000t\000i\000o\000n}{}% 1
\BOOKMARK [0][-]{chapter.2}{\376\377\000C\000h\000a\000p\000t\000e\000r\000\040\000I\000n\000t\000r\000o\000d\000u\000c\000t\000i\000o\000n\000\040\000t\000o\000\040\000g\000l\000i\000b\000c\000\040\000H\000e\000a\000p}{}% 2
\BOOKMARK [1][-]{section.2.1}{\376\377\000H\000e\000a\000p}{chapter.2}% 3
\BOOKMARK [1][-]{section.2.2}{\376\377\000C\000h\000u\000n\000k}{chapter.2}% 4
\BOOKMARK [1][-]{section.2.3}{\376\377\000M\000e\000m\000o\000r\000y\000\040\000A\000l\000l\000o\000c\000a\000t\000i\000o\000n}{chapter.2}% 5
\BOOKMARK [2][-]{subsection.2.3.1}{\376\377\000A\000l\000l\000o\000c\000a\000t\000i\000o\000n\000\040\000f\000r\000o\000m\000\040\000F\000r\000e\000e\000d\000\040\000C\000h\000u\000n\000k\000s}{section.2.3}% 6
\BOOKMARK [2][-]{subsection.2.3.2}{\376\377\000A\000l\000l\000o\000c\000a\000t\000i\000o\000n\000\040\000f\000r\000o\000m\000\040\000T\000o\000p\000\040\000C\000h\000u\000n\000k}{section.2.3}% 7
\BOOKMARK [2][-]{subsection.2.3.3}{\376\377\000A\000s\000k\000\040\000K\000e\000r\000n\000e\000l\000\040\000f\000o\000r\000\040\000m\000o\000r\000e\000\040\000m\000e\000m\000o\000r\000y}{section.2.3}% 8
\BOOKMARK [1][-]{section.2.4}{\376\377\000M\000M\000A\000P}{chapter.2}% 9
\BOOKMARK [1][-]{section.2.5}{\376\377\000A\000R\000E\000N\000A}{chapter.2}% 10
\BOOKMARK [1][-]{section.2.6}{\376\377\000S\000u\000b\000\040\000H\000e\000a\000p}{chapter.2}% 11
\BOOKMARK [1][-]{section.2.7}{\376\377\000f\000r\000e\000e}{chapter.2}% 12
\BOOKMARK [1][-]{section.2.8}{\376\377\000B\000i\000n\000s}{chapter.2}% 13
\BOOKMARK [2][-]{subsection.2.8.1}{\376\377\000S\000m\000a\000l\000l\000\040\000B\000i\000n\000s}{section.2.8}% 14
\BOOKMARK [2][-]{subsection.2.8.2}{\376\377\000L\000a\000r\000g\000e\000\040\000B\000i\000n\000s}{section.2.8}% 15
\BOOKMARK [2][-]{subsection.2.8.3}{\376\377\000u\000n\000s\000o\000r\000t\000e\000d\000\040\000b\000i\000n\000s}{section.2.8}% 16
\BOOKMARK [2][-]{subsection.2.8.4}{\376\377\000f\000a\000s\000t\000\040\000b\000i\000n\000s}{section.2.8}% 17
\BOOKMARK [2][-]{subsection.2.8.5}{\376\377\000t\000c\000a\000c\000h\000e\000\040\000b\000i\000n\000s\000\040\000B\000i\000n\000s}{section.2.8}% 18
\BOOKMARK [1][-]{section.2.9}{\376\377\000m\000a\000l\000l\000o\000c\000\050\000\051}{chapter.2}% 19
\BOOKMARK [1][-]{section.2.10}{\376\377\000c\000a\000l\000l\000o\000c\000\050\000\051}{chapter.2}% 20
\BOOKMARK [1][-]{section.2.11}{\376\377\000A\000l\000i\000g\000n\000m\000e\000n\000t\000\050\000\051}{chapter.2}% 21
\BOOKMARK [1][-]{section.2.12}{\376\377\000m\000a\000l\000l\000o\000c\000\137\000c\000o\000n\000s\000o\000l\000i\000d\000a\000t\000e\000\050\000\051}{chapter.2}% 22
\BOOKMARK [0][-]{chapter.3}{\376\377\000C\000h\000a\000p\000t\000e\000r\000\040\000H\000e\000a\000p\000\040\000E\000x\000p\000l\000o\000i\000t\000a\000t\000i\000o\000n\000\040}{}% 23
\BOOKMARK [0][-]{chapter.4}{\376\377\000C\000h\000a\000p\000t\000e\000r\000\040\000C\000o\000n\000c\000l\000u\000s\000i\000o\000n}{}% 24
